[2024-08-09 18:49:23,949] {taskinstance.py:896} INFO - Dependencies all met for <TaskInstance: grillos_operations.create_schemas 2024-08-09T07:40:00+00:00 [queued]>
[2024-08-09 18:49:24,155] {taskinstance.py:896} INFO - Dependencies all met for <TaskInstance: grillos_operations.create_schemas 2024-08-09T07:40:00+00:00 [queued]>
[2024-08-09 18:49:24,156] {taskinstance.py:1087} INFO - 
--------------------------------------------------------------------------------
[2024-08-09 18:49:24,156] {taskinstance.py:1088} INFO - Starting attempt 1 of 2
[2024-08-09 18:49:24,156] {taskinstance.py:1089} INFO - 
--------------------------------------------------------------------------------
[2024-08-09 18:49:24,242] {taskinstance.py:1107} INFO - Executing <Task(PostgresOperator): create_schemas> on 2024-08-09T07:40:00+00:00
[2024-08-09 18:49:24,288] {standard_task_runner.py:52} INFO - Started process 2138 to run task
[2024-08-09 18:49:24,310] {standard_task_runner.py:76} INFO - Running: ['***', 'tasks', 'run', 'grillos_operations', 'create_schemas', '2024-08-09T07:40:00+00:00', '--job-id', '202', '--pool', 'default_pool', '--raw', '--subdir', 'DAGS_FOLDER/database_dag.py', '--cfg-path', '/tmp/tmp9ty2j37r', '--error-file', '/tmp/tmp2gdzc5by']
[2024-08-09 18:49:24,328] {standard_task_runner.py:77} INFO - Job 202: Subtask create_schemas
[2024-08-09 18:49:24,663] {logging_mixin.py:104} INFO - Running <TaskInstance: grillos_operations.create_schemas 2024-08-09T07:40:00+00:00 [running]> on host 9a7f3bfa7ef6
[2024-08-09 18:49:25,262] {taskinstance.py:1302} INFO - Exporting the following env vars:
AIRFLOW_CTX_DAG_OWNER=***
AIRFLOW_CTX_DAG_ID=grillos_operations
AIRFLOW_CTX_TASK_ID=create_schemas
AIRFLOW_CTX_EXECUTION_DATE=2024-08-09T07:40:00+00:00
AIRFLOW_CTX_DAG_RUN_ID=scheduled__2024-08-09T07:40:00+00:00
[2024-08-09 18:49:25,271] {postgres.py:68} INFO - Executing: 
    BEGIN;
    CREATE SCHEMA IF NOT EXISTS silver;
    CREATE SCHEMA IF NOT EXISTS gold;
    COMMIT;
    
[2024-08-09 18:49:25,340] {base.py:78} INFO - Using connection to: id: ***_conn. Host: db, Port: 5432, Schema: grillos, Login: ***, Password: ***, extra: {}
[2024-08-09 18:49:25,365] {dbapi.py:204} INFO - Running statement: 
    BEGIN;
    CREATE SCHEMA IF NOT EXISTS silver;
    CREATE SCHEMA IF NOT EXISTS gold;
    COMMIT;
    , parameters: None
[2024-08-09 18:49:25,374] {postgres.py:72} INFO - WARNING:  there is already a transaction in progress

[2024-08-09 18:49:25,374] {postgres.py:72} INFO - NOTICE:  schema "silver" already exists, skipping

[2024-08-09 18:49:25,382] {postgres.py:72} INFO - NOTICE:  schema "gold" already exists, skipping

[2024-08-09 18:49:25,383] {postgres.py:72} INFO - WARNING:  there is no transaction in progress

[2024-08-09 18:49:25,489] {taskinstance.py:1211} INFO - Marking task as SUCCESS. dag_id=grillos_operations, task_id=create_schemas, execution_date=20240809T074000, start_date=20240809T184923, end_date=20240809T184925
[2024-08-09 18:49:25,895] {taskinstance.py:1265} INFO - 0 downstream tasks scheduled from follow-on schedule check
[2024-08-09 18:49:25,981] {local_task_job.py:149} INFO - Task exited with return code 0
