[2024-08-09 18:48:51,660] {taskinstance.py:896} INFO - Dependencies all met for <TaskInstance: grillos_operations.create_schemas 2024-08-09T05:50:00+00:00 [queued]>
[2024-08-09 18:48:51,826] {taskinstance.py:896} INFO - Dependencies all met for <TaskInstance: grillos_operations.create_schemas 2024-08-09T05:50:00+00:00 [queued]>
[2024-08-09 18:48:51,837] {taskinstance.py:1087} INFO - 
--------------------------------------------------------------------------------
[2024-08-09 18:48:51,841] {taskinstance.py:1088} INFO - Starting attempt 1 of 2
[2024-08-09 18:48:51,841] {taskinstance.py:1089} INFO - 
--------------------------------------------------------------------------------
[2024-08-09 18:48:51,944] {taskinstance.py:1107} INFO - Executing <Task(PostgresOperator): create_schemas> on 2024-08-09T05:50:00+00:00
[2024-08-09 18:48:52,021] {standard_task_runner.py:52} INFO - Started process 1891 to run task
[2024-08-09 18:48:52,059] {standard_task_runner.py:76} INFO - Running: ['***', 'tasks', 'run', 'grillos_operations', 'create_schemas', '2024-08-09T05:50:00+00:00', '--job-id', '156', '--pool', 'default_pool', '--raw', '--subdir', 'DAGS_FOLDER/database_dag.py', '--cfg-path', '/tmp/tmpzj5ccz8g', '--error-file', '/tmp/tmpz2x7gln2']
[2024-08-09 18:48:52,065] {standard_task_runner.py:77} INFO - Job 156: Subtask create_schemas
[2024-08-09 18:48:52,466] {logging_mixin.py:104} INFO - Running <TaskInstance: grillos_operations.create_schemas 2024-08-09T05:50:00+00:00 [running]> on host 9a7f3bfa7ef6
[2024-08-09 18:48:52,868] {taskinstance.py:1302} INFO - Exporting the following env vars:
AIRFLOW_CTX_DAG_OWNER=***
AIRFLOW_CTX_DAG_ID=grillos_operations
AIRFLOW_CTX_TASK_ID=create_schemas
AIRFLOW_CTX_EXECUTION_DATE=2024-08-09T05:50:00+00:00
AIRFLOW_CTX_DAG_RUN_ID=scheduled__2024-08-09T05:50:00+00:00
[2024-08-09 18:48:52,868] {postgres.py:68} INFO - Executing: 
    BEGIN;
    CREATE SCHEMA IF NOT EXISTS silver;
    CREATE SCHEMA IF NOT EXISTS gold;
    COMMIT;
    
[2024-08-09 18:48:52,925] {base.py:78} INFO - Using connection to: id: ***_conn. Host: db, Port: 5432, Schema: grillos, Login: ***, Password: ***, extra: {}
[2024-08-09 18:48:52,948] {dbapi.py:204} INFO - Running statement: 
    BEGIN;
    CREATE SCHEMA IF NOT EXISTS silver;
    CREATE SCHEMA IF NOT EXISTS gold;
    COMMIT;
    , parameters: None
[2024-08-09 18:48:52,961] {postgres.py:72} INFO - WARNING:  there is already a transaction in progress

[2024-08-09 18:48:52,962] {postgres.py:72} INFO - NOTICE:  schema "silver" already exists, skipping

[2024-08-09 18:48:52,971] {postgres.py:72} INFO - NOTICE:  schema "gold" already exists, skipping

[2024-08-09 18:48:52,971] {postgres.py:72} INFO - WARNING:  there is no transaction in progress

[2024-08-09 18:48:53,013] {taskinstance.py:1211} INFO - Marking task as SUCCESS. dag_id=grillos_operations, task_id=create_schemas, execution_date=20240809T055000, start_date=20240809T184851, end_date=20240809T184853
[2024-08-09 18:48:53,490] {taskinstance.py:1265} INFO - 1 downstream tasks scheduled from follow-on schedule check
[2024-08-09 18:48:53,625] {local_task_job.py:149} INFO - Task exited with return code 0
