[2024-08-10 01:48:16,017] {taskinstance.py:896} INFO - Dependencies all met for <TaskInstance: grillos_operations.create_schemas 2024-08-09T23:35:00+00:00 [queued]>
[2024-08-10 01:48:16,116] {taskinstance.py:896} INFO - Dependencies all met for <TaskInstance: grillos_operations.create_schemas 2024-08-09T23:35:00+00:00 [queued]>
[2024-08-10 01:48:16,116] {taskinstance.py:1087} INFO - 
--------------------------------------------------------------------------------
[2024-08-10 01:48:16,118] {taskinstance.py:1088} INFO - Starting attempt 1 of 2
[2024-08-10 01:48:16,119] {taskinstance.py:1089} INFO - 
--------------------------------------------------------------------------------
[2024-08-10 01:48:16,198] {taskinstance.py:1107} INFO - Executing <Task(PostgresOperator): create_schemas> on 2024-08-09T23:35:00+00:00
[2024-08-10 01:48:16,265] {standard_task_runner.py:52} INFO - Started process 9775 to run task
[2024-08-10 01:48:16,315] {standard_task_runner.py:76} INFO - Running: ['***', 'tasks', 'run', 'grillos_operations', 'create_schemas', '2024-08-09T23:35:00+00:00', '--job-id', '595', '--pool', 'default_pool', '--raw', '--subdir', 'DAGS_FOLDER/database_dag.py', '--cfg-path', '/tmp/tmpom3muy22', '--error-file', '/tmp/tmpgvu2bv1_']
[2024-08-10 01:48:16,352] {standard_task_runner.py:77} INFO - Job 595: Subtask create_schemas
[2024-08-10 01:48:16,631] {logging_mixin.py:104} INFO - Running <TaskInstance: grillos_operations.create_schemas 2024-08-09T23:35:00+00:00 [running]> on host 27384bfff235
[2024-08-10 01:48:16,988] {taskinstance.py:1302} INFO - Exporting the following env vars:
AIRFLOW_CTX_DAG_OWNER=***
AIRFLOW_CTX_DAG_ID=grillos_operations
AIRFLOW_CTX_TASK_ID=create_schemas
AIRFLOW_CTX_EXECUTION_DATE=2024-08-09T23:35:00+00:00
AIRFLOW_CTX_DAG_RUN_ID=scheduled__2024-08-09T23:35:00+00:00
[2024-08-10 01:48:16,989] {postgres.py:68} INFO - Executing: 
    BEGIN;
    CREATE SCHEMA IF NOT EXISTS silver;
    CREATE SCHEMA IF NOT EXISTS gold;
    COMMIT;
    
[2024-08-10 01:48:17,038] {base.py:78} INFO - Using connection to: id: ***_conn. Host: db, Port: 5432, Schema: grillos, Login: ***, Password: ***, extra: {}
[2024-08-10 01:48:17,060] {dbapi.py:204} INFO - Running statement: 
    BEGIN;
    CREATE SCHEMA IF NOT EXISTS silver;
    CREATE SCHEMA IF NOT EXISTS gold;
    COMMIT;
    , parameters: None
[2024-08-10 01:48:17,065] {postgres.py:72} INFO - WARNING:  there is already a transaction in progress

[2024-08-10 01:48:17,065] {postgres.py:72} INFO - NOTICE:  schema "silver" already exists, skipping

[2024-08-10 01:48:17,065] {postgres.py:72} INFO - NOTICE:  schema "gold" already exists, skipping

[2024-08-10 01:48:17,066] {postgres.py:72} INFO - WARNING:  there is no transaction in progress

[2024-08-10 01:48:17,110] {taskinstance.py:1211} INFO - Marking task as SUCCESS. dag_id=grillos_operations, task_id=create_schemas, execution_date=20240809T233500, start_date=20240810T014816, end_date=20240810T014817
[2024-08-10 01:48:17,386] {taskinstance.py:1265} INFO - 1 downstream tasks scheduled from follow-on schedule check
[2024-08-10 01:48:17,490] {local_task_job.py:149} INFO - Task exited with return code 0
