[2024-08-10 01:48:18,311] {taskinstance.py:896} INFO - Dependencies all met for <TaskInstance: grillos_operations.create_silver_gold 2024-08-09T23:25:00+00:00 [queued]>
[2024-08-10 01:48:18,354] {taskinstance.py:896} INFO - Dependencies all met for <TaskInstance: grillos_operations.create_silver_gold 2024-08-09T23:25:00+00:00 [queued]>
[2024-08-10 01:48:18,360] {taskinstance.py:1087} INFO - 
--------------------------------------------------------------------------------
[2024-08-10 01:48:18,361] {taskinstance.py:1088} INFO - Starting attempt 1 of 2
[2024-08-10 01:48:18,361] {taskinstance.py:1089} INFO - 
--------------------------------------------------------------------------------
[2024-08-10 01:48:18,381] {taskinstance.py:1107} INFO - Executing <Task(PostgresOperator): create_silver_gold> on 2024-08-09T23:25:00+00:00
[2024-08-10 01:48:18,401] {standard_task_runner.py:52} INFO - Started process 9792 to run task
[2024-08-10 01:48:18,411] {standard_task_runner.py:76} INFO - Running: ['***', 'tasks', 'run', 'grillos_operations', 'create_silver_gold', '2024-08-09T23:25:00+00:00', '--job-id', '600', '--pool', 'default_pool', '--raw', '--subdir', 'DAGS_FOLDER/database_dag.py', '--cfg-path', '/tmp/tmp6nf9ay1i', '--error-file', '/tmp/tmpwye201s1']
[2024-08-10 01:48:18,415] {standard_task_runner.py:77} INFO - Job 600: Subtask create_silver_gold
[2024-08-10 01:48:18,622] {logging_mixin.py:104} INFO - Running <TaskInstance: grillos_operations.create_silver_gold 2024-08-09T23:25:00+00:00 [running]> on host 27384bfff235
[2024-08-10 01:48:19,083] {taskinstance.py:1302} INFO - Exporting the following env vars:
AIRFLOW_CTX_DAG_OWNER=***
AIRFLOW_CTX_DAG_ID=grillos_operations
AIRFLOW_CTX_TASK_ID=create_silver_gold
AIRFLOW_CTX_EXECUTION_DATE=2024-08-09T23:25:00+00:00
AIRFLOW_CTX_DAG_RUN_ID=scheduled__2024-08-09T23:25:00+00:00
[2024-08-10 01:48:19,086] {postgres.py:68} INFO - Executing: 
    DROP TABLE IF EXISTS silver.aggregated_data;
    CREATE TABLE silver.aggregated_data (
        fecha_registro DATE,
        fecha_nacimiento DATE,
        tipo TEXT,
        volumen INT,
        fecha_reproduccion_esperada DATE,
        fecha_sacrificio_esperada DATE
    );

    -- Ingestar datos desde farm-data hacia silver
    INSERT INTO silver.aggregated_data
    SELECT 
        fecha_registro::date,
        fecha_nacimiento::date,
        tipo,
        volumen,
        CASE 
            WHEN tipo = 'R' THEN fecha_nacimiento::date + interval '42 days'
            WHEN tipo = 'S' THEN fecha_nacimiento::date + interval '45 days'
        END as fecha_reproduccion_esperada,
        CASE 
            WHEN tipo = 'R' THEN fecha_nacimiento::date + interval '54 days'
            WHEN tipo = 'S' THEN fecha_nacimiento::date + interval '35 days'
        END as fecha_sacrificio_esperada
    FROM "farm-data";

    -- Crear y poblar la tabla gold
    DROP TABLE IF EXISTS gold.monthly_production;
    CREATE TABLE gold.monthly_production AS
    WITH pre AS (
        SELECT 
            count(*) as number_of_boxes,
            EXTRACT(MONTH FROM fecha_sacrificio_esperada) as month,
            tipo as type
        FROM silver.aggregated_data
        GROUP BY 2, 3
    ),
    prod AS (
        SELECT 
            month,
            type,
            number_of_boxes,
            CASE 
                WHEN type = 'E' THEN number_of_boxes * 2.5
                WHEN type = 'R' THEN number_of_boxes * 1.5
            END as flour_produced_kg
        FROM pre
    )
    SELECT
        TO_CHAR(TO_DATE(month::text, 'MM'), 'Month') as mes, 
        sum(number_of_boxes) as numero_de_cajas,
        sum(flour_produced_kg) as total_kg_harina
    FROM prod
    GROUP BY 1;
    
[2024-08-10 01:48:19,131] {base.py:78} INFO - Using connection to: id: ***_conn. Host: db, Port: 5432, Schema: grillos, Login: ***, Password: ***, extra: {}
[2024-08-10 01:48:19,145] {dbapi.py:204} INFO - Running statement: 
    DROP TABLE IF EXISTS silver.aggregated_data;
    CREATE TABLE silver.aggregated_data (
        fecha_registro DATE,
        fecha_nacimiento DATE,
        tipo TEXT,
        volumen INT,
        fecha_reproduccion_esperada DATE,
        fecha_sacrificio_esperada DATE
    );

    -- Ingestar datos desde farm-data hacia silver
    INSERT INTO silver.aggregated_data
    SELECT 
        fecha_registro::date,
        fecha_nacimiento::date,
        tipo,
        volumen,
        CASE 
            WHEN tipo = 'R' THEN fecha_nacimiento::date + interval '42 days'
            WHEN tipo = 'S' THEN fecha_nacimiento::date + interval '45 days'
        END as fecha_reproduccion_esperada,
        CASE 
            WHEN tipo = 'R' THEN fecha_nacimiento::date + interval '54 days'
            WHEN tipo = 'S' THEN fecha_nacimiento::date + interval '35 days'
        END as fecha_sacrificio_esperada
    FROM "farm-data";

    -- Crear y poblar la tabla gold
    DROP TABLE IF EXISTS gold.monthly_production;
    CREATE TABLE gold.monthly_production AS
    WITH pre AS (
        SELECT 
            count(*) as number_of_boxes,
            EXTRACT(MONTH FROM fecha_sacrificio_esperada) as month,
            tipo as type
        FROM silver.aggregated_data
        GROUP BY 2, 3
    ),
    prod AS (
        SELECT 
            month,
            type,
            number_of_boxes,
            CASE 
                WHEN type = 'E' THEN number_of_boxes * 2.5
                WHEN type = 'R' THEN number_of_boxes * 1.5
            END as flour_produced_kg
        FROM pre
    )
    SELECT
        TO_CHAR(TO_DATE(month::text, 'MM'), 'Month') as mes, 
        sum(number_of_boxes) as numero_de_cajas,
        sum(flour_produced_kg) as total_kg_harina
    FROM prod
    GROUP BY 1;
    , parameters: None
[2024-08-10 01:48:19,175] {dbapi.py:212} INFO - Rows affected: 7
[2024-08-10 01:48:19,236] {taskinstance.py:1211} INFO - Marking task as SUCCESS. dag_id=grillos_operations, task_id=create_silver_gold, execution_date=20240809T232500, start_date=20240810T014818, end_date=20240810T014819
[2024-08-10 01:48:19,415] {taskinstance.py:1265} INFO - 0 downstream tasks scheduled from follow-on schedule check
[2024-08-10 01:48:19,521] {local_task_job.py:149} INFO - Task exited with return code 0
