[2024-08-09 04:56:26,728] {taskinstance.py:896} INFO - Dependencies all met for <TaskInstance: create_postgres_table.create_table 2024-08-09T04:56:26.129071+00:00 [queued]>
[2024-08-09 04:56:26,745] {taskinstance.py:896} INFO - Dependencies all met for <TaskInstance: create_postgres_table.create_table 2024-08-09T04:56:26.129071+00:00 [queued]>
[2024-08-09 04:56:26,746] {taskinstance.py:1087} INFO - 
--------------------------------------------------------------------------------
[2024-08-09 04:56:26,746] {taskinstance.py:1088} INFO - Starting attempt 1 of 2
[2024-08-09 04:56:26,746] {taskinstance.py:1089} INFO - 
--------------------------------------------------------------------------------
[2024-08-09 04:56:26,770] {taskinstance.py:1107} INFO - Executing <Task(PostgresOperator): create_table> on 2024-08-09T04:56:26.129071+00:00
[2024-08-09 04:56:26,778] {standard_task_runner.py:52} INFO - Started process 12792 to run task
[2024-08-09 04:56:26,785] {standard_task_runner.py:76} INFO - Running: ['***', 'tasks', 'run', 'create_postgres_table', 'create_table', '2024-08-09T04:56:26.129071+00:00', '--job-id', '3', '--pool', 'default_pool', '--raw', '--subdir', 'DAGS_FOLDER/database_dag.py', '--cfg-path', '/tmp/tmppgkjwxae', '--error-file', '/tmp/tmp6dbs0c71']
[2024-08-09 04:56:26,790] {standard_task_runner.py:77} INFO - Job 3: Subtask create_table
[2024-08-09 04:56:26,864] {logging_mixin.py:104} INFO - Running <TaskInstance: create_postgres_table.create_table 2024-08-09T04:56:26.129071+00:00 [running]> on host a6174e1e42cd
[2024-08-09 04:56:26,938] {taskinstance.py:1302} INFO - Exporting the following env vars:
AIRFLOW_CTX_DAG_OWNER=***
AIRFLOW_CTX_DAG_ID=create_postgres_table
AIRFLOW_CTX_TASK_ID=create_table
AIRFLOW_CTX_EXECUTION_DATE=2024-08-09T04:56:26.129071+00:00
AIRFLOW_CTX_DAG_RUN_ID=manual__2024-08-09T04:56:26.129071+00:00
[2024-08-09 04:56:26,938] {postgres.py:68} INFO - Executing: 
        CREATE schema if not exists silver;
        CREATE schema if not exists gold;
        
[2024-08-09 04:56:26,952] {base.py:78} INFO - Using connection to: id: ***_conn. Host: db, Port: 5432, Schema: grillos, Login: ***, Password: ***, extra: {}
[2024-08-09 04:56:26,958] {dbapi.py:204} INFO - Running statement: 
        CREATE schema if not exists silver;
        CREATE schema if not exists gold;
        , parameters: None
[2024-08-09 04:56:26,974] {taskinstance.py:1211} INFO - Marking task as SUCCESS. dag_id=create_***_table, task_id=create_table, execution_date=20240809T045626, start_date=20240809T045626, end_date=20240809T045626
[2024-08-09 04:56:27,012] {taskinstance.py:1265} INFO - 0 downstream tasks scheduled from follow-on schedule check
[2024-08-09 04:56:27,035] {local_task_job.py:149} INFO - Task exited with return code 0
