[2024-08-09 18:51:01,929] {taskinstance.py:896} INFO - Dependencies all met for <TaskInstance: grillos_operations.create_schemas 2024-08-09T16:45:00+00:00 [queued]>
[2024-08-09 18:51:02,010] {taskinstance.py:896} INFO - Dependencies all met for <TaskInstance: grillos_operations.create_schemas 2024-08-09T16:45:00+00:00 [queued]>
[2024-08-09 18:51:02,011] {taskinstance.py:1087} INFO - 
--------------------------------------------------------------------------------
[2024-08-09 18:51:02,011] {taskinstance.py:1088} INFO - Starting attempt 1 of 2
[2024-08-09 18:51:02,011] {taskinstance.py:1089} INFO - 
--------------------------------------------------------------------------------
[2024-08-09 18:51:02,049] {taskinstance.py:1107} INFO - Executing <Task(PostgresOperator): create_schemas> on 2024-08-09T16:45:00+00:00
[2024-08-09 18:51:02,084] {standard_task_runner.py:52} INFO - Started process 3054 to run task
[2024-08-09 18:51:02,104] {standard_task_runner.py:76} INFO - Running: ['***', 'tasks', 'run', 'grillos_operations', 'create_schemas', '2024-08-09T16:45:00+00:00', '--job-id', '417', '--pool', 'default_pool', '--raw', '--subdir', 'DAGS_FOLDER/database_dag.py', '--cfg-path', '/tmp/tmpquc4cqcu', '--error-file', '/tmp/tmp60j1d9h4']
[2024-08-09 18:51:02,115] {standard_task_runner.py:77} INFO - Job 417: Subtask create_schemas
[2024-08-09 18:51:02,265] {logging_mixin.py:104} INFO - Running <TaskInstance: grillos_operations.create_schemas 2024-08-09T16:45:00+00:00 [running]> on host 9a7f3bfa7ef6
[2024-08-09 18:51:02,501] {taskinstance.py:1302} INFO - Exporting the following env vars:
AIRFLOW_CTX_DAG_OWNER=***
AIRFLOW_CTX_DAG_ID=grillos_operations
AIRFLOW_CTX_TASK_ID=create_schemas
AIRFLOW_CTX_EXECUTION_DATE=2024-08-09T16:45:00+00:00
AIRFLOW_CTX_DAG_RUN_ID=scheduled__2024-08-09T16:45:00+00:00
[2024-08-09 18:51:02,502] {postgres.py:68} INFO - Executing: 
    BEGIN;
    CREATE SCHEMA IF NOT EXISTS silver;
    CREATE SCHEMA IF NOT EXISTS gold;
    COMMIT;
    
[2024-08-09 18:51:02,527] {base.py:78} INFO - Using connection to: id: ***_conn. Host: db, Port: 5432, Schema: grillos, Login: ***, Password: ***, extra: {}
[2024-08-09 18:51:02,545] {dbapi.py:204} INFO - Running statement: 
    BEGIN;
    CREATE SCHEMA IF NOT EXISTS silver;
    CREATE SCHEMA IF NOT EXISTS gold;
    COMMIT;
    , parameters: None
[2024-08-09 18:51:02,556] {postgres.py:72} INFO - WARNING:  there is already a transaction in progress

[2024-08-09 18:51:02,556] {postgres.py:72} INFO - NOTICE:  schema "silver" already exists, skipping

[2024-08-09 18:51:02,556] {postgres.py:72} INFO - NOTICE:  schema "gold" already exists, skipping

[2024-08-09 18:51:02,556] {postgres.py:72} INFO - WARNING:  there is no transaction in progress

[2024-08-09 18:51:02,631] {taskinstance.py:1211} INFO - Marking task as SUCCESS. dag_id=grillos_operations, task_id=create_schemas, execution_date=20240809T164500, start_date=20240809T185101, end_date=20240809T185102
[2024-08-09 18:51:02,809] {taskinstance.py:1265} INFO - 1 downstream tasks scheduled from follow-on schedule check
[2024-08-09 18:51:02,889] {local_task_job.py:149} INFO - Task exited with return code 0
