[2024-08-09 17:25:14,446] {taskinstance.py:896} INFO - Dependencies all met for <TaskInstance: create_postgres_table.create_table 2024-08-09T17:25:13.208315+00:00 [queued]>
[2024-08-09 17:25:14,472] {taskinstance.py:896} INFO - Dependencies all met for <TaskInstance: create_postgres_table.create_table 2024-08-09T17:25:13.208315+00:00 [queued]>
[2024-08-09 17:25:14,473] {taskinstance.py:1087} INFO - 
--------------------------------------------------------------------------------
[2024-08-09 17:25:14,473] {taskinstance.py:1088} INFO - Starting attempt 1 of 2
[2024-08-09 17:25:14,473] {taskinstance.py:1089} INFO - 
--------------------------------------------------------------------------------
[2024-08-09 17:25:14,488] {taskinstance.py:1107} INFO - Executing <Task(PostgresOperator): create_table> on 2024-08-09T17:25:13.208315+00:00
[2024-08-09 17:25:14,496] {standard_task_runner.py:52} INFO - Started process 952 to run task
[2024-08-09 17:25:14,501] {standard_task_runner.py:76} INFO - Running: ['***', 'tasks', 'run', 'create_postgres_table', 'create_table', '2024-08-09T17:25:13.208315+00:00', '--job-id', '8', '--pool', 'default_pool', '--raw', '--subdir', 'DAGS_FOLDER/database_dag.py', '--cfg-path', '/tmp/tmp7a4xtgnu', '--error-file', '/tmp/tmpkwapfrii']
[2024-08-09 17:25:14,508] {standard_task_runner.py:77} INFO - Job 8: Subtask create_table
[2024-08-09 17:25:14,570] {logging_mixin.py:104} INFO - Running <TaskInstance: create_postgres_table.create_table 2024-08-09T17:25:13.208315+00:00 [running]> on host 1998b75ed014
[2024-08-09 17:25:14,670] {taskinstance.py:1302} INFO - Exporting the following env vars:
AIRFLOW_CTX_DAG_OWNER=***
AIRFLOW_CTX_DAG_ID=create_postgres_table
AIRFLOW_CTX_TASK_ID=create_table
AIRFLOW_CTX_EXECUTION_DATE=2024-08-09T17:25:13.208315+00:00
AIRFLOW_CTX_DAG_RUN_ID=manual__2024-08-09T17:25:13.208315+00:00
[2024-08-09 17:25:14,672] {postgres.py:68} INFO - Executing: 
        CREATE schema if not exists silver;
        CREATE schema if not exists gold;
        
[2024-08-09 17:25:14,688] {base.py:78} INFO - Using connection to: id: ***_conn. Host: db, Port: 5432, Schema: grillos, Login: ***, Password: ***, extra: {}
[2024-08-09 17:25:14,694] {dbapi.py:204} INFO - Running statement: 
        CREATE schema if not exists silver;
        CREATE schema if not exists gold;
        , parameters: None
[2024-08-09 17:25:14,712] {taskinstance.py:1211} INFO - Marking task as SUCCESS. dag_id=create_***_table, task_id=create_table, execution_date=20240809T172513, start_date=20240809T172514, end_date=20240809T172514
[2024-08-09 17:25:14,754] {taskinstance.py:1265} INFO - 0 downstream tasks scheduled from follow-on schedule check
[2024-08-09 17:25:14,793] {local_task_job.py:149} INFO - Task exited with return code 0
